Name:               docker-desktop
Roles:              control-plane
Labels:             beta.kubernetes.io/arch=amd64
                    beta.kubernetes.io/os=linux
                    kubernetes.io/arch=amd64
                    kubernetes.io/hostname=docker-desktop
                    kubernetes.io/os=linux
                    node-role.kubernetes.io/control-plane=
                    node.kubernetes.io/exclude-from-external-load-balancers=
Annotations:        kubeadm.alpha.kubernetes.io/cri-socket: unix:///var/run/cri-dockerd.sock
                    node.alpha.kubernetes.io/ttl: 0
                    volumes.kubernetes.io/controller-managed-attach-detach: true
CreationTimestamp:  Thu, 14 Mar 2024 12:16:24 +0100
Taints:             <none>
Unschedulable:      false
Lease:
  HolderIdentity:  docker-desktop
  AcquireTime:     <unset>
  RenewTime:       Fri, 15 Mar 2024 14:49:55 +0100
Conditions:
  Type             Status  LastHeartbeatTime                 LastTransitionTime                Reason                       Message
  ----             ------  -----------------                 ------------------                ------                       -------
  MemoryPressure   False   Fri, 15 Mar 2024 14:49:27 +0100   Thu, 14 Mar 2024 12:16:24 +0100   KubeletHasSufficientMemory   kubelet has sufficient memory available
  DiskPressure     False   Fri, 15 Mar 2024 14:49:27 +0100   Thu, 14 Mar 2024 12:16:24 +0100   KubeletHasNoDiskPressure     kubelet has no disk pressure
  PIDPressure      False   Fri, 15 Mar 2024 14:49:27 +0100   Thu, 14 Mar 2024 12:16:24 +0100   KubeletHasSufficientPID      kubelet has sufficient PID available
  Ready            True    Fri, 15 Mar 2024 14:49:27 +0100   Thu, 14 Mar 2024 12:16:32 +0100   KubeletReady                 kubelet is posting ready status
Addresses:
  InternalIP:  192.168.65.3
  Hostname:    docker-desktop
Capacity:
  cpu:                12
  ephemeral-storage:  1055762868Ki
  hugepages-1Gi:      0
  hugepages-2Mi:      0
  memory:             7967896Ki
  pods:               110
Allocatable:
  cpu:                12
  ephemeral-storage:  972991057538
  hugepages-1Gi:      0
  hugepages-2Mi:      0
  memory:             7865496Ki
  pods:               110
System Info:
  Machine ID:                 de602a3c-7af9-4f6e-a3f9-23e23734b699
  System UUID:                de602a3c-7af9-4f6e-a3f9-23e23734b699
  Boot ID:                    28922757-911a-4258-9fed-c1c93de3a221
  Kernel Version:             5.15.133.1-microsoft-standard-WSL2
  OS Image:                   Docker Desktop
  Operating System:           linux
  Architecture:               amd64
  Container Runtime Version:  docker://25.0.3
  Kubelet Version:            v1.29.1
  Kube-Proxy Version:         v1.29.1
Non-terminated Pods:          (9 in total)
  Namespace                   Name                                      CPU Requests  CPU Limits  Memory Requests  Memory Limits  Age
  ---------                   ----                                      ------------  ----------  ---------------  -------------  ---
  kube-system                 coredns-76f75df574-4wrsv                  100m (0%)     0 (0%)      70Mi (0%)        170Mi (2%)     26h
  kube-system                 coredns-76f75df574-7jrsm                  100m (0%)     0 (0%)      70Mi (0%)        170Mi (2%)     26h
  kube-system                 etcd-docker-desktop                       100m (0%)     0 (0%)      100Mi (1%)       0 (0%)         26h
  kube-system                 kube-apiserver-docker-desktop             250m (2%)     0 (0%)      0 (0%)           0 (0%)         26h
  kube-system                 kube-controller-manager-docker-desktop    200m (1%)     0 (0%)      0 (0%)           0 (0%)         26h
  kube-system                 kube-proxy-lp4bb                          0 (0%)        0 (0%)      0 (0%)           0 (0%)         26h
  kube-system                 kube-scheduler-docker-desktop             100m (0%)     0 (0%)      0 (0%)           0 (0%)         26h
  kube-system                 storage-provisioner                       0 (0%)        0 (0%)      0 (0%)           0 (0%)         26h
  kube-system                 vpnkit-controller                         0 (0%)        0 (0%)      0 (0%)           0 (0%)         26h
Allocated resources:
  (Total limits may be over 100 percent, i.e., overcommitted.)
  Resource           Requests    Limits
  --------           --------    ------
  cpu                850m (7%)   0 (0%)
  memory             240Mi (3%)  340Mi (4%)
  ephemeral-storage  0 (0%)      0 (0%)
  hugepages-1Gi      0 (0%)      0 (0%)
  hugepages-2Mi      0 (0%)      0 (0%)
Events:
  Type    Reason                   Age                    From             Message
  ----    ------                   ----                   ----             -------
  Normal  Starting                 74m                    kube-proxy       
  Normal  Starting                 8m7s                   kube-proxy       
  Normal  NodeAllocatableEnforced  74m                    kubelet          Updated Node Allocatable limit across pods
  Normal  NodeHasSufficientMemory  74m (x8 over 74m)      kubelet          Node docker-desktop status is now: NodeHasSufficientMemory
  Normal  NodeHasNoDiskPressure    74m (x8 over 74m)      kubelet          Node docker-desktop status is now: NodeHasNoDiskPressure
  Normal  NodeHasSufficientPID     74m (x7 over 74m)      kubelet          Node docker-desktop status is now: NodeHasSufficientPID
  Normal  Starting                 74m                    kubelet          Starting kubelet.
  Normal  RegisteredNode           74m                    node-controller  Node docker-desktop event: Registered Node docker-desktop in Controller
  Normal  Starting                 8m18s                  kubelet          Starting kubelet.
  Normal  NodeHasSufficientMemory  8m18s (x8 over 8m18s)  kubelet          Node docker-desktop status is now: NodeHasSufficientMemory
  Normal  NodeHasNoDiskPressure    8m18s (x8 over 8m18s)  kubelet          Node docker-desktop status is now: NodeHasNoDiskPressure
  Normal  NodeHasSufficientPID     8m18s (x7 over 8m18s)  kubelet          Node docker-desktop status is now: NodeHasSufficientPID
  Normal  NodeAllocatableEnforced  8m18s                  kubelet          Updated Node Allocatable limit across pods
  Normal  RegisteredNode           8m7s                   node-controller  Node docker-desktop event: Registered Node docker-desktop in Controller
